
######################
Wed, 15 Jun 2011 23:21:45 +0000
Access to step 8 without crypt variable.
GET: (subpage=>step8, expired=>true, variable=>12356)
POST: ()

######################
Thu, 16 Jun 2011 00:06:33 +0000
Access to step 8 without crypt variable.
IP:186.23.21.21
GET: (tour_id=>1, subpage=>step8)
POST: ()

######################
Tue, 21 Jun 2011 07:52:51 +0000
Access to step 8 without crypt variable.
IP:94.30.109.74
GET: (tour_id=>9, subpage=>step8)
POST: ()

######################
Wed, 22 Jun 2011 10:46:23 +0000
Access to step 8 without crypt variable.
IP:94.30.109.74
GET: (tour_id=>9, subpage=>step8)
POST: ()

######################
Sun, 26 Jun 2011 00:04:15 +0000
Access to step 8 without crypt variable.
IP:186.23.21.21
GET: (tour_id=>4, subpage=>step8)
POST: ()

######################
Thu, 30 Jun 2011 01:43:36 +0000
Access to step 8 without crypt variable.
IP:186.23.21.21
GET: (tour_id=>9, subpage=>step8)
POST: ()

######################
Tue, 01 Nov 2011 14:33:07 +0000
Access to step 8 without crypt variable.
IP:94.30.109.74
GET: (subpage=>step8)
POST: ()

######################
Mon, 05 Dec 2011 16:44:44 +0000
Access to step 8 without crypt variable.
IP:94.30.109.74
GET: (subpage=>step8)
POST: ()

######################
Mon, 05 Dec 2011 16:53:31 +0000
Access to step 8 without crypt variable.
IP:94.30.109.74
GET: (subpage=>step8)
POST: ()

######################
Wed, 08 Feb 2012 16:01:16 +0000
Access to step 8 without crypt variable.
IP:2.217.154.225
GET: (tour_id=>1, subpage=>step8)
POST: ()

######################
Sun, 07 Jul 2013 17:57:28 +0100
Access to step 8 without crypt variable.
IP:50.16.26.145
GET: (subpage=>step8)
POST: ()

######################
Sun, 07 Jul 2013 17:57:28 +0100
Access to step 8 without crypt variable.
IP:50.16.26.145
GET: (subpage=>step8)
POST: ()

######################
Sun, 07 Jul 2013 18:46:03 +0100
Access to step 8 without crypt variable.
IP:89.145.95.2
GET: (subpage=>step8)
POST: ()

######################
Fri, 06 Sep 2013 11:17:16 +0100
Access to step 8 without crypt variable.
IP:54.226.58.4
GET: (subpage=>step8)
POST: ()

######################
Fri, 06 Sep 2013 11:17:16 +0100
Access to step 8 without crypt variable.
IP:54.226.58.4
GET: (subpage=>step8)
POST: ()

######################
Sat, 19 Oct 2013 08:15:33 +0100
Access to step 8 without crypt variable.
IP:23.20.161.68
GET: (subpage=>step8)
POST: ()

######################
Sat, 19 Oct 2013 08:15:33 +0100
Access to step 8 without crypt variable.
IP:85.25.236.21
GET: (subpage=>step8)
POST: ()

######################
Sat, 19 Oct 2013 08:15:34 +0100
Access to step 8 without crypt variable.
IP:23.20.161.68
GET: (subpage=>step8)
POST: ()

######################
Sat, 19 Oct 2013 10:07:53 +0100
Access to step 8 without crypt variable.
IP:89.145.95.42
GET: (subpage=>step8)
POST: ()
